2011-09-28 14:00:00,515<-Sep->WARN<-Sep->com.ibm.wala.taint.util.logging.TaintLogger<-Sep->com.ibm.appscan.frameworks.analyzers.javaee.JSPFile.findIncludedFiles(JSPFile.java:198)<-Sep->could not find included jsp file  header.jspf included from JSPFile [path=feedback.jsp, includes=[]]<-Sep->
2011-09-28 14:00:00,515<-Sep->WARN<-Sep->com.ibm.wala.taint.util.logging.TaintLogger<-Sep->com.ibm.appscan.frameworks.analyzers.javaee.JSPFile.findIncludedFiles(JSPFile.java:198)<-Sep->could not find included jsp file  toc.jspf included from JSPFile [path=feedback.jsp, includes=[]]<-Sep->
2011-09-28 14:00:00,515<-Sep->WARN<-Sep->com.ibm.wala.taint.util.logging.TaintLogger<-Sep->com.ibm.appscan.frameworks.analyzers.javaee.JSPFile.findIncludedFiles(JSPFile.java:198)<-Sep->could not find included jsp file  footer.jspf included from JSPFile [path=feedback.jsp, includes=[]]<-Sep->
2011-09-28 14:00:00,531<-Sep->WARN<-Sep->com.ibm.wala.taint.util.logging.TaintLogger<-Sep->com.ibm.appscan.frameworks.analyzers.javaee.JSPFile.findIncludedFiles(JSPFile.java:198)<-Sep->could not find included jsp file  header.jspf included from JSPFile [path=feedbacksuccess.jsp, includes=[]]<-Sep->
2011-09-28 14:00:00,531<-Sep->WARN<-Sep->com.ibm.wala.taint.util.logging.TaintLogger<-Sep->com.ibm.appscan.frameworks.analyzers.javaee.JSPFile.findIncludedFiles(JSPFile.java:198)<-Sep->could not find included jsp file  toc.jspf included from JSPFile [path=feedbacksuccess.jsp, includes=[]]<-Sep->
2011-09-28 14:00:00,531<-Sep->WARN<-Sep->com.ibm.wala.taint.util.logging.TaintLogger<-Sep->com.ibm.appscan.frameworks.analyzers.javaee.JSPFile.findIncludedFiles(JSPFile.java:198)<-Sep->could not find included jsp file  footer.jspf included from JSPFile [path=feedbacksuccess.jsp, includes=[]]<-Sep->
2011-09-28 14:00:00,531<-Sep->WARN<-Sep->com.ibm.wala.taint.util.logging.TaintLogger<-Sep->com.ibm.appscan.frameworks.analyzers.javaee.JSPFile.findIncludedFiles(JSPFile.java:198)<-Sep->could not find included jsp file  header.jspf included from JSPFile [path=index.jsp, includes=[]]<-Sep->
2011-09-28 14:00:00,531<-Sep->WARN<-Sep->com.ibm.wala.taint.util.logging.TaintLogger<-Sep->com.ibm.appscan.frameworks.analyzers.javaee.JSPFile.findIncludedFiles(JSPFile.java:198)<-Sep->could not find included jsp file  toc.jspf included from JSPFile [path=index.jsp, includes=[]]<-Sep->
2011-09-28 14:00:00,531<-Sep->WARN<-Sep->com.ibm.wala.taint.util.logging.TaintLogger<-Sep->com.ibm.appscan.frameworks.analyzers.javaee.JSPFile.findIncludedFiles(JSPFile.java:198)<-Sep->could not find included jsp file  footer.jspf included from JSPFile [path=index.jsp, includes=[]]<-Sep->
2011-09-28 14:00:00,531<-Sep->WARN<-Sep->com.ibm.wala.taint.util.logging.TaintLogger<-Sep->com.ibm.appscan.frameworks.analyzers.javaee.JSPFile.findIncludedFiles(JSPFile.java:198)<-Sep->could not find included jsp file  header.jspf included from JSPFile [path=login.jsp, includes=[]]<-Sep->
2011-09-28 14:00:00,531<-Sep->WARN<-Sep->com.ibm.wala.taint.util.logging.TaintLogger<-Sep->com.ibm.appscan.frameworks.analyzers.javaee.JSPFile.findIncludedFiles(JSPFile.java:198)<-Sep->could not find included jsp file  /toc.jspf included from JSPFile [path=login.jsp, includes=[]]<-Sep->
2011-09-28 14:00:00,531<-Sep->WARN<-Sep->com.ibm.wala.taint.util.logging.TaintLogger<-Sep->com.ibm.appscan.frameworks.analyzers.javaee.JSPFile.findIncludedFiles(JSPFile.java:198)<-Sep->could not find included jsp file  footer.jspf included from JSPFile [path=login.jsp, includes=[]]<-Sep->
2011-09-28 14:00:00,531<-Sep->WARN<-Sep->com.ibm.wala.taint.util.logging.TaintLogger<-Sep->com.ibm.appscan.frameworks.analyzers.javaee.JSPFile.findIncludedFiles(JSPFile.java:198)<-Sep->could not find included jsp file  header.jspf included from JSPFile [path=notfound.jsp, includes=[]]<-Sep->
2011-09-28 14:00:00,531<-Sep->WARN<-Sep->com.ibm.wala.taint.util.logging.TaintLogger<-Sep->com.ibm.appscan.frameworks.analyzers.javaee.JSPFile.findIncludedFiles(JSPFile.java:198)<-Sep->could not find included jsp file  toc.jspf included from JSPFile [path=notfound.jsp, includes=[]]<-Sep->
2011-09-28 14:00:00,531<-Sep->WARN<-Sep->com.ibm.wala.taint.util.logging.TaintLogger<-Sep->com.ibm.appscan.frameworks.analyzers.javaee.JSPFile.findIncludedFiles(JSPFile.java:198)<-Sep->could not find included jsp file  footer.jspf included from JSPFile [path=notfound.jsp, includes=[]]<-Sep->
2011-09-28 14:00:00,531<-Sep->WARN<-Sep->com.ibm.wala.taint.util.logging.TaintLogger<-Sep->com.ibm.appscan.frameworks.analyzers.javaee.JSPFile.findIncludedFiles(JSPFile.java:198)<-Sep->could not find included jsp file  header.jspf included from JSPFile [path=search.jsp, includes=[]]<-Sep->
2011-09-28 14:00:00,531<-Sep->WARN<-Sep->com.ibm.wala.taint.util.logging.TaintLogger<-Sep->com.ibm.appscan.frameworks.analyzers.javaee.JSPFile.findIncludedFiles(JSPFile.java:198)<-Sep->could not find included jsp file  toc.jspf included from JSPFile [path=search.jsp, includes=[]]<-Sep->
2011-09-28 14:00:00,531<-Sep->WARN<-Sep->com.ibm.wala.taint.util.logging.TaintLogger<-Sep->com.ibm.appscan.frameworks.analyzers.javaee.JSPFile.findIncludedFiles(JSPFile.java:198)<-Sep->could not find included jsp file  footer.jspf included from JSPFile [path=search.jsp, includes=[]]<-Sep->
2011-09-28 14:00:00,531<-Sep->WARN<-Sep->com.ibm.wala.taint.util.logging.TaintLogger<-Sep->com.ibm.appscan.frameworks.analyzers.javaee.JSPFile.findIncludedFiles(JSPFile.java:198)<-Sep->could not find included jsp file  header.jspf included from JSPFile [path=subscribe.jsp, includes=[]]<-Sep->
2011-09-28 14:00:00,531<-Sep->WARN<-Sep->com.ibm.wala.taint.util.logging.TaintLogger<-Sep->com.ibm.appscan.frameworks.analyzers.javaee.JSPFile.findIncludedFiles(JSPFile.java:198)<-Sep->could not find included jsp file  toc.jspf included from JSPFile [path=subscribe.jsp, includes=[]]<-Sep->
2011-09-28 14:00:00,531<-Sep->WARN<-Sep->com.ibm.wala.taint.util.logging.TaintLogger<-Sep->com.ibm.appscan.frameworks.analyzers.javaee.JSPFile.findIncludedFiles(JSPFile.java:198)<-Sep->could not find included jsp file  footer.jspf included from JSPFile [path=subscribe.jsp, includes=[]]<-Sep->
2011-09-28 14:00:00,531<-Sep->WARN<-Sep->com.ibm.wala.taint.util.logging.TaintLogger<-Sep->com.ibm.appscan.frameworks.analyzers.javaee.JSPFile.findIncludedFiles(JSPFile.java:198)<-Sep->could not find included jsp file  /admin//header.jspf included from JSPFile [path=/admin/admin.jsp, includes=[]]<-Sep->
2011-09-28 14:00:00,531<-Sep->WARN<-Sep->com.ibm.wala.taint.util.logging.TaintLogger<-Sep->com.ibm.appscan.frameworks.analyzers.javaee.JSPFile.findIncludedFiles(JSPFile.java:198)<-Sep->could not find included jsp file  /admin//bank/membertoc.jspf included from JSPFile [path=/admin/admin.jsp, includes=[]]<-Sep->
2011-09-28 14:00:00,531<-Sep->WARN<-Sep->com.ibm.wala.taint.util.logging.TaintLogger<-Sep->com.ibm.appscan.frameworks.analyzers.javaee.JSPFile.findIncludedFiles(JSPFile.java:198)<-Sep->could not find included jsp file  /admin//footer.jspf included from JSPFile [path=/admin/admin.jsp, includes=[]]<-Sep->
2011-09-28 14:00:00,531<-Sep->WARN<-Sep->com.ibm.wala.taint.util.logging.TaintLogger<-Sep->com.ibm.appscan.frameworks.analyzers.javaee.JSPFile.findIncludedFiles(JSPFile.java:198)<-Sep->could not find included jsp file  /admin//header.jspf included from JSPFile [path=/admin/login.jsp, includes=[]]<-Sep->
2011-09-28 14:00:00,546<-Sep->WARN<-Sep->com.ibm.wala.taint.util.logging.TaintLogger<-Sep->com.ibm.appscan.frameworks.analyzers.javaee.JSPFile.findIncludedFiles(JSPFile.java:198)<-Sep->could not find included jsp file  /admin//bank/membertoc.jspf included from JSPFile [path=/admin/login.jsp, includes=[]]<-Sep->
2011-09-28 14:00:00,546<-Sep->WARN<-Sep->com.ibm.wala.taint.util.logging.TaintLogger<-Sep->com.ibm.appscan.frameworks.analyzers.javaee.JSPFile.findIncludedFiles(JSPFile.java:198)<-Sep->could not find included jsp file  /admin//footer.jspf included from JSPFile [path=/admin/login.jsp, includes=[]]<-Sep->
2011-09-28 14:00:00,703<-Sep->WARN<-Sep->com.ibm.wala.taint.util.logging.TaintLogger<-Sep->com.ibm.appscan.frameworks.analyzers.javaee.JSPFile.findIncludedFiles(JSPFile.java:198)<-Sep->could not find included jsp file  /bank//header.jspf included from JSPFile [path=/bank/apply.jsp, includes=[]]<-Sep->
2011-09-28 14:00:00,703<-Sep->WARN<-Sep->com.ibm.wala.taint.util.logging.TaintLogger<-Sep->com.ibm.appscan.frameworks.analyzers.javaee.JSPFile.findIncludedFiles(JSPFile.java:198)<-Sep->could not find included jsp file  /bank/membertoc.jspf included from JSPFile [path=/bank/apply.jsp, includes=[]]<-Sep->
2011-09-28 14:00:00,703<-Sep->WARN<-Sep->com.ibm.wala.taint.util.logging.TaintLogger<-Sep->com.ibm.appscan.frameworks.analyzers.javaee.JSPFile.findIncludedFiles(JSPFile.java:198)<-Sep->could not find included jsp file  /bank//footer.jspf included from JSPFile [path=/bank/apply.jsp, includes=[]]<-Sep->
2011-09-28 14:00:00,734<-Sep->WARN<-Sep->com.ibm.wala.taint.util.logging.TaintLogger<-Sep->com.ibm.appscan.frameworks.analyzers.javaee.JSPFile.findIncludedFiles(JSPFile.java:198)<-Sep->could not find included jsp file  /bank//header.jspf included from JSPFile [path=/bank/applysuccess.jsp, includes=[]]<-Sep->
2011-09-28 14:00:00,734<-Sep->WARN<-Sep->com.ibm.wala.taint.util.logging.TaintLogger<-Sep->com.ibm.appscan.frameworks.analyzers.javaee.JSPFile.findIncludedFiles(JSPFile.java:198)<-Sep->could not find included jsp file  /bank/membertoc.jspf included from JSPFile [path=/bank/applysuccess.jsp, includes=[]]<-Sep->
2011-09-28 14:00:00,734<-Sep->WARN<-Sep->com.ibm.wala.taint.util.logging.TaintLogger<-Sep->com.ibm.appscan.frameworks.analyzers.javaee.JSPFile.findIncludedFiles(JSPFile.java:198)<-Sep->could not find included jsp file  /bank//footer.jspf included from JSPFile [path=/bank/applysuccess.jsp, includes=[]]<-Sep->
2011-09-28 14:00:00,921<-Sep->WARN<-Sep->com.ibm.wala.taint.util.logging.TaintLogger<-Sep->com.ibm.appscan.frameworks.analyzers.javaee.JSPFile.findIncludedFiles(JSPFile.java:198)<-Sep->could not find included jsp file  /bank//header.jspf included from JSPFile [path=/bank/balance.jsp, includes=[]]<-Sep->
2011-09-28 14:00:00,921<-Sep->WARN<-Sep->com.ibm.wala.taint.util.logging.TaintLogger<-Sep->com.ibm.appscan.frameworks.analyzers.javaee.JSPFile.findIncludedFiles(JSPFile.java:198)<-Sep->could not find included jsp file  /bank/membertoc.jspf included from JSPFile [path=/bank/balance.jsp, includes=[]]<-Sep->
2011-09-28 14:00:00,921<-Sep->WARN<-Sep->com.ibm.wala.taint.util.logging.TaintLogger<-Sep->com.ibm.appscan.frameworks.analyzers.javaee.JSPFile.findIncludedFiles(JSPFile.java:198)<-Sep->could not find included jsp file  /bank//footer.jspf included from JSPFile [path=/bank/balance.jsp, includes=[]]<-Sep->
2011-09-28 14:00:00,953<-Sep->WARN<-Sep->com.ibm.wala.taint.util.logging.TaintLogger<-Sep->com.ibm.appscan.frameworks.analyzers.javaee.JSPFile.findIncludedFiles(JSPFile.java:198)<-Sep->could not find included jsp file  /bank//header.jspf included from JSPFile [path=/bank/customize.jsp, includes=[]]<-Sep->
2011-09-28 14:00:00,953<-Sep->WARN<-Sep->com.ibm.wala.taint.util.logging.TaintLogger<-Sep->com.ibm.appscan.frameworks.analyzers.javaee.JSPFile.findIncludedFiles(JSPFile.java:198)<-Sep->could not find included jsp file  /bank/membertoc.jspf included from JSPFile [path=/bank/customize.jsp, includes=[]]<-Sep->
2011-09-28 14:00:00,953<-Sep->WARN<-Sep->com.ibm.wala.taint.util.logging.TaintLogger<-Sep->com.ibm.appscan.frameworks.analyzers.javaee.JSPFile.findIncludedFiles(JSPFile.java:198)<-Sep->could not find included jsp file  /bank//footer.jspf included from JSPFile [path=/bank/customize.jsp, includes=[]]<-Sep->
2011-09-28 14:00:00,984<-Sep->WARN<-Sep->com.ibm.wala.taint.util.logging.TaintLogger<-Sep->com.ibm.appscan.frameworks.analyzers.javaee.JSPFile.findIncludedFiles(JSPFile.java:198)<-Sep->could not find included jsp file  /bank//header.jspf included from JSPFile [path=/bank/main.jsp, includes=[]]<-Sep->
2011-09-28 14:00:00,984<-Sep->WARN<-Sep->com.ibm.wala.taint.util.logging.TaintLogger<-Sep->com.ibm.appscan.frameworks.analyzers.javaee.JSPFile.findIncludedFiles(JSPFile.java:198)<-Sep->could not find included jsp file  /bank/membertoc.jspf included from JSPFile [path=/bank/main.jsp, includes=[]]<-Sep->
2011-09-28 14:00:00,984<-Sep->WARN<-Sep->com.ibm.wala.taint.util.logging.TaintLogger<-Sep->com.ibm.appscan.frameworks.analyzers.javaee.JSPFile.findIncludedFiles(JSPFile.java:198)<-Sep->could not find included jsp file  /bank//footer.jspf included from JSPFile [path=/bank/main.jsp, includes=[]]<-Sep->
2011-09-28 14:00:01,031<-Sep->WARN<-Sep->com.ibm.wala.taint.util.logging.TaintLogger<-Sep->com.ibm.appscan.frameworks.analyzers.javaee.JSPFile.findIncludedFiles(JSPFile.java:198)<-Sep->could not find included jsp file  /bank//header.jspf included from JSPFile [path=/bank/queryxpath.jsp, includes=[]]<-Sep->
2011-09-28 14:00:01,031<-Sep->WARN<-Sep->com.ibm.wala.taint.util.logging.TaintLogger<-Sep->com.ibm.appscan.frameworks.analyzers.javaee.JSPFile.findIncludedFiles(JSPFile.java:198)<-Sep->could not find included jsp file  /bank/membertoc.jspf included from JSPFile [path=/bank/queryxpath.jsp, includes=[]]<-Sep->
2011-09-28 14:00:01,031<-Sep->WARN<-Sep->com.ibm.wala.taint.util.logging.TaintLogger<-Sep->com.ibm.appscan.frameworks.analyzers.javaee.JSPFile.findIncludedFiles(JSPFile.java:198)<-Sep->could not find included jsp file  /bank//footer.jspf included from JSPFile [path=/bank/queryxpath.jsp, includes=[]]<-Sep->
2011-09-28 14:00:01,078<-Sep->WARN<-Sep->com.ibm.wala.taint.util.logging.TaintLogger<-Sep->com.ibm.appscan.frameworks.analyzers.javaee.JSPFile.findIncludedFiles(JSPFile.java:198)<-Sep->could not find included jsp file  /bank//header.jspf included from JSPFile [path=/bank/transaction.jsp, includes=[]]<-Sep->
2011-09-28 14:00:01,078<-Sep->WARN<-Sep->com.ibm.wala.taint.util.logging.TaintLogger<-Sep->com.ibm.appscan.frameworks.analyzers.javaee.JSPFile.findIncludedFiles(JSPFile.java:198)<-Sep->could not find included jsp file  /bank/membertoc.jspf included from JSPFile [path=/bank/transaction.jsp, includes=[]]<-Sep->
2011-09-28 14:00:01,078<-Sep->WARN<-Sep->com.ibm.wala.taint.util.logging.TaintLogger<-Sep->com.ibm.appscan.frameworks.analyzers.javaee.JSPFile.findIncludedFiles(JSPFile.java:198)<-Sep->could not find included jsp file  /bank//footer.jspf included from JSPFile [path=/bank/transaction.jsp, includes=[]]<-Sep->
2011-09-28 14:00:01,140<-Sep->WARN<-Sep->com.ibm.wala.taint.util.logging.TaintLogger<-Sep->com.ibm.appscan.frameworks.analyzers.javaee.JSPFile.findIncludedFiles(JSPFile.java:198)<-Sep->could not find included jsp file  /bank//header.jspf included from JSPFile [path=/bank/transfer.jsp, includes=[]]<-Sep->
2011-09-28 14:00:01,140<-Sep->WARN<-Sep->com.ibm.wala.taint.util.logging.TaintLogger<-Sep->com.ibm.appscan.frameworks.analyzers.javaee.JSPFile.findIncludedFiles(JSPFile.java:198)<-Sep->could not find included jsp file  /bank/membertoc.jspf included from JSPFile [path=/bank/transfer.jsp, includes=[]]<-Sep->
2011-09-28 14:00:01,140<-Sep->WARN<-Sep->com.ibm.wala.taint.util.logging.TaintLogger<-Sep->com.ibm.appscan.frameworks.analyzers.javaee.JSPFile.findIncludedFiles(JSPFile.java:198)<-Sep->could not find included jsp file  /bank//footer.jspf included from JSPFile [path=/bank/transfer.jsp, includes=[]]<-Sep->
2011-09-28 14:00:01,500<-Sep->INFO<-Sep->com.ibm.wala.taint.util.logging.TaintLogger<-Sep->com.ibm.appscan.frameworks.analyzers.javaee.BeanScopeResolver.processSeeds(BeanScopeResolver.java:62)<-Sep->Unresolved Seed<-Sep->
